Company/Smart/smart/build/outputs/logs/manifest-merger-debug-report.txt
-- Merging decision tree log ---
manifest
ADDED from src/main/AndroidManifest.xml:1:1-75:12
	package
		ADDED from src/main/AndroidManifest.xml:2:5-41
		INJECTED from src/main/AndroidManifest.xml
		INJECTED from src/main/AndroidManifest.xml
	android:versionName
		ADDED from src/main/AndroidManifest.xml:4:5-46
	android:versionCode
		ADDED from src/main/AndroidManifest.xml:3:5-29
		INJECTED from src/main/AndroidManifest.xml
		INJECTED from src/main/AndroidManifest.xml
	xmlns:android
		ADDED from src/main/AndroidManifest.xml:1:11-69
uses-sdk
ADDED from src/main/AndroidManifest.xml:6:5-8:41
MERGED from [Smart:pullToRefresh:unspecified] AndroidManifest.xml:7:5-9:40
MERGED from [com.android.support:appcompat-v7:22.2.1] AndroidManifest.xml:20:5-43
MERGED from [com.android.support:support-v4:22.2.1] AndroidManifest.xml:20:5-43
MERGED from [com.android.support:support-v4:22.2.1] AndroidManifest.xml:20:5-43
	android:targetSdkVersion
		ADDED from src/main/AndroidManifest.xml:8:9-38
		INJECTED from src/main/AndroidManifest.xml
		INJECTED from src/main/AndroidManifest.xml
	android:minSdkVersion
		ADDED from src/main/AndroidManifest.xml:7:9-34
		INJECTED from src/main/AndroidManifest.xml
		INJECTED from src/main/AndroidManifest.xml
uses-permission#android.permission.RECEIVE_USER_PRESENT
ADDED from src/main/AndroidManifest.xml:10:5-79
	android:name
		ADDED from src/main/AndroidManifest.xml:10:22-76
uses-permission#android.permission.INTERNET
ADDED from src/main/AndroidManifest.xml:11:5-67
	android:name
		ADDED from src/main/AndroidManifest.xml:11:22-64
uses-permission#android.permission.WAKE_LOCK
ADDED from src/main/AndroidManifest.xml:12:5-68
	android:name
		ADDED from src/main/AndroidManifest.xml:12:22-65
uses-permission#android.permission.READ_PHONE_STATE
ADDED from src/main/AndroidManifest.xml:13:5-75
	android:name
		ADDED from src/main/AndroidManifest.xml:13:22-72
uses-permission#android.permission.WRITE_EXTERNAL_STORAGE
ADDED from src/main/AndroidManifest.xml:14:5-81
	android:name
		ADDED from src/main/AndroidManifest.xml:14:22-78
uses-permission#android.permission.READ_EXTERNAL_STORAGE
ADDED from src/main/AndroidManifest.xml:15:5-80
	android:name
		ADDED from src/main/AndroidManifest.xml:15:22-77
uses-permission#android.permission.WRITE_SETTINGS
ADDED from src/main/AndroidManifest.xml:16:5-73
	android:name
		ADDED from src/main/AndroidManifest.xml:16:22-70
uses-permission#android.permission.VIBRATE
ADDED from src/main/AndroidManifest.xml:17:5-66
	android:name
		ADDED from src/main/AndroidManifest.xml:17:22-63
uses-permission#android.permission.MOUNT_UNMOUNT_FILESYSTEMS
ADDED from src/main/AndroidManifest.xml:18:5-84
	android:name
		ADDED from src/main/AndroidManifest.xml:18:22-81
uses-permission#android.permission.ACCESS_NETWORK_STATE
ADDED from src/main/AndroidManifest.xml:19:5-79
	android:name
		ADDED from src/main/AndroidManifest.xml:19:22-76
uses-permission#android.permission.SYSTEM_ALERT_WINDOW
ADDED from src/main/AndroidManifest.xml:20:5-78
	android:name
		ADDED from src/main/AndroidManifest.xml:20:22-75
uses-permission#android.permission.ACCESS_COARSE_LOCATION
ADDED from src/main/AndroidManifest.xml:21:5-81
	android:name
		ADDED from src/main/AndroidManifest.xml:21:22-78
uses-permission#android.permission.ACCESS_WIFI_STATE
ADDED from src/main/AndroidManifest.xml:22:5-76
	android:name
		ADDED from src/main/AndroidManifest.xml:22:22-73
uses-permission#android.permission.CHANGE_WIFI_STATE
ADDED from src/main/AndroidManifest.xml:23:5-76
	android:name
		ADDED from src/main/AndroidManifest.xml:23:22-73
uses-permission#android.permission.ACCESS_FINE_LOCATION
ADDED from src/main/AndroidManifest.xml:24:5-79
	android:name
		ADDED from src/main/AndroidManifest.xml:24:22-76
uses-permission#android.permission.ACCESS_LOCATION_EXTRA_COMMANDS
ADDED from src/main/AndroidManifest.xml:25:5-89
	android:name
		ADDED from src/main/AndroidManifest.xml:25:22-86
uses-permission#android.permission.CHANGE_NETWORK_STATE
ADDED from src/main/AndroidManifest.xml:26:5-79
	android:name
		ADDED from src/main/AndroidManifest.xml:26:22-76
uses-permission#android.permission.RECEIVE_BOOT_COMPLETED
ADDED from src/main/AndroidManifest.xml:27:5-81
	android:name
		ADDED from src/main/AndroidManifest.xml:27:22-78
application
ADDED from src/main/AndroidManifest.xml:29:5-73:19
MERGED from [Smart:pullToRefresh:unspecified] AndroidManifest.xml:11:5-20
MERGED from [com.android.support:appcompat-v7:22.2.1] AndroidManifest.xml:22:5-20
MERGED from [com.android.support:support-v4:22.2.1] AndroidManifest.xml:22:5-20
MERGED from [com.android.support:support-v4:22.2.1] AndroidManifest.xml:22:5-20
	android:label
		ADDED from src/main/AndroidManifest.xml:32:9-41
	android:icon
		ADDED from src/main/AndroidManifest.xml:31:9-47
	android:theme
		ADDED from src/main/AndroidManifest.xml:33:9-51
	android:name
		ADDED from src/main/AndroidManifest.xml:30:9-56
activity#yitgogo.smart.EntranceActivity
ADDED from src/main/AndroidManifest.xml:34:9-40:20
	android:name
		ADDED from src/main/AndroidManifest.xml:34:19-64
intent-filter#android.intent.action.MAIN+android.intent.category.LAUNCHER
ADDED from src/main/AndroidManifest.xml:35:13-39:29
action#android.intent.action.MAIN
ADDED from src/main/AndroidManifest.xml:36:17-69
	android:name
		ADDED from src/main/AndroidManifest.xml:36:25-66
category#android.intent.category.LAUNCHER
ADDED from src/main/AndroidManifest.xml:38:17-77
	android:name
		ADDED from src/main/AndroidManifest.xml:38:27-74
activity#yitgogo.smart.ContainerActivity
ADDED from src/main/AndroidManifest.xml:41:9-43:79
	android:windowSoftInputMode
		ADDED from src/main/AndroidManifest.xml:43:13-67
	android:name
		ADDED from src/main/AndroidManifest.xml:42:13-59
activity#yitgogo.smart.AdsActivity
ADDED from src/main/AndroidManifest.xml:44:9-46:79
	android:windowSoftInputMode
		ADDED from src/main/AndroidManifest.xml:46:13-67
	android:name
		ADDED from src/main/AndroidManifest.xml:45:13-53
activity#yitgogo.smart.DialogActivity
ADDED from src/main/AndroidManifest.xml:47:9-50:79
	android:windowSoftInputMode
		ADDED from src/main/AndroidManifest.xml:50:13-67
	android:theme
		ADDED from src/main/AndroidManifest.xml:49:13-51
	android:name
		ADDED from src/main/AndroidManifest.xml:48:13-56
activity#yitgogo.smart.AlertDialogActivity
ADDED from src/main/AndroidManifest.xml:51:9-54:79
	android:windowSoftInputMode
		ADDED from src/main/AndroidManifest.xml:54:13-67
	android:theme
		ADDED from src/main/AndroidManifest.xml:53:13-51
	android:name
		ADDED from src/main/AndroidManifest.xml:52:13-61
receiver#yitgogo.smart.AutoBootReceiver
ADDED from src/main/AndroidManifest.xml:56:9-60:20
	android:name
		ADDED from src/main/AndroidManifest.xml:56:19-64
intent-filter#android.intent.action.BOOT_COMPLETED
ADDED from src/main/AndroidManifest.xml:57:13-59:29
action#android.intent.action.BOOT_COMPLETED
ADDED from src/main/AndroidManifest.xml:58:17-79
	android:name
		ADDED from src/main/AndroidManifest.xml:58:25-76
service#yitgogo.smart.print.PrintService
ADDED from src/main/AndroidManifest.xml:62:9-76
	android:name
		ADDED from src/main/AndroidManifest.xml:62:18-65
meta-data#com.baidu.lbsapi.API_KEY
ADDED from src/main/AndroidManifest.xml:65:9-67:56
	android:value
		ADDED from src/main/AndroidManifest.xml:67:13-53
	android:name
		ADDED from src/main/AndroidManifest.xml:66:13-52
service#com.baidu.location.f
ADDED from src/main/AndroidManifest.xml:69:9-72:49
	android:enabled
		ADDED from src/main/AndroidManifest.xml:71:13-35
	android:process
		ADDED from src/main/AndroidManifest.xml:72:13-38
	android:name
		ADDED from src/main/AndroidManifest.xml:70:13-48